已經開始建置於 2015/3/20 下午 01:41:09。
     1>節點 2 (Rebuild 目標) 上的專案 "C:\Users\9200\Desktop\WORK\P2P\pjsip\icedemo\pjturn-srv\pjturn-srv.vcxproj"。
     1>ClCompile:
         C:\Program Files (x86)\Microsoft Visual Studio 12.0\VC\bin\CL.exe /c /I"C:\Users\9200\Desktop\WORK\P2P\pjsip\pjturn-srv\pjnath\include" /I"C:\Users\9200\Desktop\WORK\P2P\pjsip\pjturn-srv\pjlib-util\include" /I"C:\Users\9200\Desktop\WORK\P2P\pjsip\pjturn-srv\pjlib\include" /ZI /nologo /W3 /WX- /sdl /Od /Oy- /D WIN32 /D _DEBUG /D _CONSOLE /D _LIB /D _USING_V110_SDK71_ /D _UNICODE /D UNICODE /Gm /EHsc /RTC1 /MDd /GS /fp:precise /Zc:wchar_t /Zc:forScope /Fo"Debug\\" /Fd"Debug\vc120.pdb" /Gd /TC /analyze- /errorReport:prompt "..\..\pjproject-2.3\pjproject-2.3\pjnath\src\pjturn-srv\allocation.c" "..\..\pjproject-2.3\pjproject-2.3\pjnath\src\pjturn-srv\auth.c" "..\..\pjproject-2.3\pjproject-2.3\pjnath\src\pjturn-srv\listener_tcp.c" "..\..\pjproject-2.3\pjproject-2.3\pjnath\src\pjturn-srv\listener_udp.c" "..\..\pjproject-2.3\pjproject-2.3\pjnath\src\pjturn-srv\main.c" "..\..\pjproject-2.3\pjproject-2.3\pjnath\src\pjturn-srv\server.c"
         server.c
         main.c
         listener_udp.c
         listener_tcp.c
         auth.c
         allocation.c
     1>c:\users\9200\desktop\work\p2p\pjsip\pjproject-2.3\pjproject-2.3\pjnath\src\pjturn-srv\allocation.c(218): warning C4102: 'TODO___ADD_RESERVATION_TOKEN' : 未參考的標籤
         正在產生程式碼...
       Link:
         C:\Program Files (x86)\Microsoft Visual Studio 12.0\VC\bin\link.exe /ERRORREPORT:PROMPT /OUT:"C:\Users\9200\Desktop\WORK\P2P\pjsip\icedemo\Debug\pjturn-srv.exe" /INCREMENTAL /NOLOGO /LIBPATH:"C:\Users\9200\Desktop\WORK\P2P\pjsip\pjturn-srv\pjnath\lib" /LIBPATH:"C:\Users\9200\Desktop\WORK\P2P\pjsip\pjturn-srv\pjlib-util\lib" /LIBPATH:"C:\Users\9200\Desktop\WORK\P2P\pjsip\pjturn-srv\pjlib\lib" ws2_32.lib pjnath.lib pjlib.lib pjlib_util.lib kernel32.lib user32.lib gdi32.lib winspool.lib comdlg32.lib advapi32.lib shell32.lib ole32.lib oleaut32.lib uuid.lib odbc32.lib odbccp32.lib /MANIFEST /MANIFESTUAC:"level='asInvoker' uiAccess='false'" /manifest:embed /DEBUG /PDB:"C:\Users\9200\Desktop\WORK\P2P\pjsip\icedemo\Debug\pjturn-srv.pdb" /SUBSYSTEM:CONSOLE,"5.01" /TLBID:1 /DYNAMICBASE /NXCOMPAT /IMPLIB:"C:\Users\9200\Desktop\WORK\P2P\pjsip\icedemo\Debug\pjturn-srv.lib" /MACHINE:X86 Debug\allocation.obj
         Debug\auth.obj
         Debug\listener_tcp.obj
         Debug\listener_udp.obj
         Debug\main.obj
         Debug\server.obj
     1>LINK : warning LNK4098: 預設的程式庫 'MSVCRT' 與其他使用的程式庫衝突，請使用 /NODEFAULTLIB:library
         pjturn-srv.vcxproj -> C:\Users\9200\Desktop\WORK\P2P\pjsip\icedemo\Debug\pjturn-srv.exe
     1>專案 "C:\Users\9200\Desktop\WORK\P2P\pjsip\icedemo\pjturn-srv\pjturn-srv.vcxproj" (Rebuild 目標) 建置完成。

建置成功。

經過時間 00:00:01.55
